<?xml version="1.0" encoding="UTF-8"?>
<!-- Generated by org.testng.reporters.JUnitReportReporter -->
<testsuite hostname="Rohit" failures="0" tests="2" name="pac1.ContactTest" time="0.015" errors="0" timestamp="2024-08-16T15:48:48 IST" skipped="0">
  <testcase classname="pac1.ContactTest" name="modifyContactTest" time="0.003"/>
  <system-out/>
  <testcase classname="pac1.ContactTest" name="createContactTest" time="0.012"/>
  <system-out/>
</testsuite> <!-- pac1.ContactTest -->
